<?xml version="1.0" encoding="UTF-8"?>
<!-- Generated by org.testng.reporters.JUnitReportReporter -->
<testsuite hostname="GBLNB-PF2ZSX2L" failures="0" tests="1" name="test.PreferanceTest1" time="9.809" errors="0" timestamp="12 Apr 2022 10:55:23 GMT">
  <testcase classname="test.PreferanceTest1" name="editPreference" time="9.809"/>
</testsuite> <!-- test.PreferanceTest1 -->
