<?xml version="1.0" encoding="UTF-8"?>
<!-- Generated by org.testng.reporters.JUnitReportReporter -->
<testsuite hostname="GBLNB-PF2ZSX2L" failures="0" tests="1" name="test.logtest" time="0.021" errors="0" timestamp="11 Apr 2022 11:48:03 GMT">
  <testcase classname="test.logtest" name="tehh" time="0.021"/>
</testsuite> <!-- test.logtest -->
