<?xml version="1.0" encoding="UTF-8"?>
<!-- Generated by org.testng.reporters.JUnitReportReporter -->
<testsuite hostname="GBLNB-PF2ZSX2L" failures="0" tests="2" name="test.PreferanceTest3" time="55.456" errors="0" timestamp="12 Apr 2022 10:55:23 GMT">
  <testcase classname="test.PreferanceTest3" name="defaultPreferenceEdit" time="28.289"/>
  <testcase classname="test.PreferanceTest3" name="defaultPreferenceEdit" time="27.167"/>
</testsuite> <!-- test.PreferanceTest3 -->
